<?xml version="1.0" encoding="UTF-8"?>
<testsuite name="LibraryTest" tests="1" skipped="0" failures="0" errors="0" timestamp="2019-03-04T17:50:03" hostname="Bhanu-PC" time="0.003">
  <properties/>
  <testcase name="testSomeLibraryMethod" classname="LibraryTest" time="0.003"/>
  <system-out><![CDATA[Test success
]]></system-out>
  <system-err><![CDATA[]]></system-err>
</testsuite>
